var arr=[1,2,3,4,9,8,5,6,2,4];
undefined
//map methods returns a new array of the size of original array based on the operation performed in callback function
undefined
arr.map((item)=>item*2);
(10) [2, 4, 6, 8, 18, 16, 10, 12, 4, 8]
//filter method returns a new array with those elements which passes the test case of the task performed in callback function
undefined
arr.filter((item)=>item>3);
(6) [4, 9, 8, 5, 6, 4]
//indexOf is used to find the index of specific element of the array
undefined
arr.indexOf(8);
5
//pop methos is used to remove last element of the array
undefined
arr.pop();
4
//reverse methd is used to revers array
undefined
arr.reverse
ƒ reverse() { [native code] }
arr.reverse();
(9) [2, 6, 5, 8, 9, 4, 3, 2, 1]
